2020-08-31T23:46:23.800Z [32minfo[39m: Listening on port 7002
2020-09-01T00:09:24.832Z [32minfo[39m: Listening on port
2020-09-01T00:09:45.430Z [32minfo[39m: Listening on port undefined
2020-09-01T00:10:25.815Z [32minfo[39m: Listening on port undefined
2020-09-01T00:11:02.486Z [32minfo[39m: Listening on port undefined
2020-09-01T00:11:17.744Z [32minfo[39m: Listening on port undefined
2020-09-01T00:11:34.022Z [32minfo[39m: Listening on port undefined
2020-09-01T00:15:02.013Z [32minfo[39m: Listening on port 7002
2020-09-01T09:51:26.316Z [32minfo[39m: Listening on port 7002
2020-09-01T11:06:55.329Z [32minfo[39m: Listening on port 7002
2020-09-01T11:10:14.985Z [32minfo[39m: Listening on port 7002
2020-09-01T11:16:09.893Z [32minfo[39m: Listening on port 7002
2020-09-01T11:20:10.126Z [32minfo[39m: Listening on port 7002
2020-09-01T11:20:39.454Z [32minfo[39m: Listening on port 7002
2020-09-01T11:22:08.363Z [32minfo[39m: Listening on port 7002
2020-09-02T01:29:44.996Z [32minfo[39m: MYSQL Connection has been established successfully.
2020-09-02T01:29:45.036Z [32minfo[39m: Listening on port 7002
2020-09-02T01:32:23.076Z [32minfo[39m: MYSQL Connection has been established successfully.
2020-09-02T01:32:23.096Z [32minfo[39m: Listening on port 7002
2020-09-02T01:54:52.180Z [32minfo[39m: MYSQL Connection has been established successfully.
2020-09-02T01:54:52.200Z [32minfo[39m: Listening on port 7002
2020-09-02T02:14:49.732Z [32minfo[39m: MYSQL Connection has been established successfully.
2020-09-02T02:14:49.771Z [32minfo[39m: Listening on port 7002
2020-09-02T02:16:04.168Z [32minfo[39m: MYSQL Connection has been established successfully.
2020-09-02T02:16:04.224Z [32minfo[39m: Listening on port 7002
2020-09-02T02:16:16.360Z [32minfo[39m: MYSQL Connection has been established successfully.
2020-09-02T02:16:16.398Z [32minfo[39m: Listening on port 7002
2020-09-02T02:18:45.425Z [32minfo[39m: MYSQL Connection has been established successfully.
2020-09-02T02:18:45.452Z [32minfo[39m: Listening on port 7002
2020-09-02T02:18:54.351Z [32minfo[39m: MYSQL Connection has been established successfully.
2020-09-02T02:18:54.383Z [32minfo[39m: Listening on port 7002
2020-09-02T22:57:36.538Z [32minfo[39m: MYSQL Connection has been established successfully.
2020-09-02T22:57:36.590Z [32minfo[39m: Listening on port 7002
2020-09-02T22:58:57.433Z [32minfo[39m: MYSQL Connection has been established successfully.
2020-09-02T22:58:57.463Z [32minfo[39m: Listening on port 7002
2020-09-03T00:41:13.404Z [32minfo[39m: MYSQL Connection has been established successfully.
2020-09-03T00:41:13.443Z [32minfo[39m: Listening on port 7002
2020-09-03T01:58:39.494Z [32minfo[39m: MYSQL Connection has been established successfully.
2020-09-03T01:58:39.582Z [32minfo[39m: Listening on port 7002
2020-09-03T02:05:45.879Z [32minfo[39m: MYSQL Connection has been established successfully.
2020-09-03T02:05:45.967Z [32minfo[39m: Listening on port 7002
2020-09-03T02:14:01.488Z [32minfo[39m: MYSQL Connection has been established successfully.
2020-09-03T02:14:01.557Z [32minfo[39m: Listening on port 7002
2020-09-03T02:17:31.621Z [32minfo[39m: MYSQL Connection has been established successfully.
2020-09-03T02:17:31.689Z [32minfo[39m: Listening on port 7002
2020-09-03T02:26:53.909Z [32minfo[39m: MYSQL Connection has been established successfully.
2020-09-03T02:26:53.934Z [32minfo[39m: Listening on port 7002
2020-09-03T02:28:05.348Z [32minfo[39m: MYSQL Connection has been established successfully.
2020-09-03T02:28:05.414Z [32minfo[39m: Listening on port 7002
2020-09-03T02:28:33.815Z [32minfo[39m: MYSQL Connection has been established successfully.
2020-09-03T02:28:33.851Z [32minfo[39m: Listening on port 7002
2020-09-03T02:32:11.490Z [32minfo[39m: MYSQL Connection has been established successfully.
2020-09-03T02:32:11.507Z [32minfo[39m: Listening on port 7002
2020-09-03T02:32:33.331Z [32minfo[39m: MYSQL Connection has been established successfully.
2020-09-03T02:32:33.337Z [32minfo[39m: Listening on port 7002
2020-09-03T02:32:45.682Z [32minfo[39m: MYSQL Connection has been established successfully.
2020-09-03T02:32:45.691Z [32minfo[39m: Listening on port 7002
2020-09-03T02:35:57.758Z [32minfo[39m: MYSQL Connection has been established successfully.
2020-09-03T02:35:57.771Z [32minfo[39m: Listening on port 7002
2020-09-03T02:36:49.389Z [32minfo[39m: MYSQL Connection has been established successfully.
2020-09-03T02:36:49.427Z [32minfo[39m: Listening on port 7002
2020-09-03T02:43:47.620Z [32minfo[39m: MYSQL Connection has been established successfully.
2020-09-03T02:43:47.682Z [32minfo[39m: Listening on port 7002
2020-09-03T02:43:51.898Z [32minfo[39m: MYSQL Connection has been established successfully.
2020-09-03T02:43:51.919Z [32minfo[39m: Listening on port 7002
2020-09-03T02:45:31.887Z [32minfo[39m: MYSQL Connection has been established successfully.
2020-09-03T02:45:31.927Z [32minfo[39m: Listening on port 7002
2020-09-03T02:45:52.856Z [32minfo[39m: MYSQL Connection has been established successfully.
2020-09-03T02:45:52.892Z [32minfo[39m: Listening on port 7002
2020-09-03T08:19:23.839Z [32minfo[39m: MYSQL Connection has been established successfully.
2020-09-03T08:19:23.895Z [32minfo[39m: Listening on port 7002
2020-09-03T08:22:19.272Z [32minfo[39m: MYSQL Connection has been established successfully.
2020-09-03T08:22:19.333Z [32minfo[39m: Listening on port 7002
2020-09-03T10:13:43.573Z [32minfo[39m: MYSQL Connection has been established successfully.
2020-09-03T10:13:43.594Z [32minfo[39m: Listening on port 7002
2020-09-03T10:26:36.124Z [32minfo[39m: MYSQL Connection has been established successfully.
2020-09-03T10:26:36.174Z [32minfo[39m: Listening on port 7002
2020-09-03T10:33:01.948Z [32minfo[39m: MYSQL Connection has been established successfully.
2020-09-03T10:33:02.006Z [32minfo[39m: Listening on port 7002
2020-09-03T10:44:29.550Z [32minfo[39m: MYSQL Connection has been established successfully.
2020-09-03T10:44:29.610Z [32minfo[39m: Listening on port 7002
2020-09-03T10:52:21.023Z [32minfo[39m: MYSQL Connection has been established successfully.
2020-09-03T10:52:21.080Z [32minfo[39m: Listening on port 7002
2020-09-03T10:53:44.046Z [32minfo[39m: MYSQL Connection has been established successfully.
2020-09-03T10:53:44.092Z [32minfo[39m: Listening on port 7002
2020-09-03T10:54:17.150Z [32minfo[39m: MYSQL Connection has been established successfully.
2020-09-03T10:54:17.167Z [32minfo[39m: Listening on port 7002
2020-09-03T18:00:27.952Z [32minfo[39m: MYSQL Connection has been established successfully.
2020-09-03T18:00:27.974Z [32minfo[39m: Listening on port 7002
2020-09-03T20:46:40.400Z [32minfo[39m: MYSQL Connection has been established successfully.
2020-09-03T20:46:40.461Z [32minfo[39m: Listening on port 7002
2020-09-04T21:40:18.864Z [32minfo[39m: MYSQL Connection has been established successfully.
2020-09-04T21:40:18.958Z [32minfo[39m: Listening on port 7002
2020-09-04T21:40:50.485Z [32minfo[39m: MYSQL Connection has been established successfully.
2020-09-04T21:40:50.515Z [32minfo[39m: Listening on port 7002
2020-09-04T21:42:42.285Z [32minfo[39m: MYSQL Connection has been established successfully.
2020-09-04T21:42:42.307Z [32minfo[39m: Listening on port 7002
2020-09-04T21:46:57.562Z [32minfo[39m: MYSQL Connection has been established successfully.
2020-09-04T21:46:57.591Z [32minfo[39m: Listening on port 7002
2020-09-04T21:47:18.563Z [32minfo[39m: MYSQL Connection has been established successfully.
2020-09-04T21:47:18.592Z [32minfo[39m: Listening on port 7002
2020-09-04T21:47:39.569Z [31merror[39m: Something has gone wrong. Unhandled error Table 'jiji_development.products' doesn't exist
2020-09-04T21:51:27.954Z [32minfo[39m: MYSQL Connection has been established successfully.
2020-09-04T21:51:28.056Z [32minfo[39m: Listening on port 7002
2020-09-04T21:51:59.344Z [32minfo[39m: MYSQL Connection has been established successfully.
2020-09-04T21:51:59.403Z [32minfo[39m: Listening on port 7002
2020-09-04T21:52:08.855Z [32minfo[39m: MYSQL Connection has been established successfully.
2020-09-04T21:52:08.905Z [32minfo[39m: Listening on port 7002
2020-09-04T21:58:00.027Z [32minfo[39m: MYSQL Connection has been established successfully.
2020-09-04T21:58:00.132Z [32minfo[39m: Listening on port 7002
2020-09-04T21:59:29.879Z [32minfo[39m: MYSQL Connection has been established successfully.
2020-09-04T21:59:29.900Z [32minfo[39m: Listening on port 7002
2020-09-04T23:07:09.552Z [32minfo[39m: MYSQL Connection has been established successfully.
2020-09-04T23:07:09.576Z [32minfo[39m: Listening on port 7002
2020-09-04T23:09:11.838Z [32minfo[39m: MYSQL Connection has been established successfully.
2020-09-04T23:09:11.863Z [32minfo[39m: Listening on port 7002
2020-09-04T23:42:18.561Z [32minfo[39m: MYSQL Connection has been established successfully.
2020-09-04T23:42:18.577Z [32minfo[39m: Listening on port 7002
2020-09-04T23:43:21.122Z [32minfo[39m: MYSQL Connection has been established successfully.
2020-09-04T23:43:21.130Z [32minfo[39m: Listening on port 7002
2020-09-04T23:43:42.868Z [32minfo[39m: MYSQL Connection has been established successfully.
2020-09-04T23:43:42.887Z [32minfo[39m: Listening on port 7002
2020-09-04T23:44:06.223Z [32minfo[39m: MYSQL Connection has been established successfully.
2020-09-04T23:44:06.238Z [32minfo[39m: Listening on port 7002
